<?xml version="1.0" encoding="UTF-8"?>
<!-- Generated by org.testng.reporters.JUnitReportReporter -->
<testsuite hostname="KEREM" failures="0" tests="2" name="Works.RESTAPITest" time="0.008" errors="0" timestamp="2020-04-13T01:01:27 EET" skipped="0">
  <testcase classname="Works.RESTAPITest" name="postJira" time="0.001"/>
  <testcase classname="Works.RESTAPITest" name="deleteTwitter" time="0.007"/>
</testsuite> <!-- Works.RESTAPITest -->
