<?xml version="1.0" encoding="UTF-8"?>
<!-- Generated by org.testng.reporters.JUnitReportReporter -->
<testsuite hostname="KEREM" failures="0" tests="2" name="Works.SeleniumTest" time="0.002" errors="0" timestamp="2020-04-13T01:01:27 EET" skipped="0">
  <testcase classname="Works.SeleniumTest" name="browserAutomation" time="0.001"/>
  <testcase classname="Works.SeleniumTest" name="elementsUI" time="0.001"/>
</testsuite> <!-- Works.SeleniumTest -->
