<?xml version="1.0" encoding="UTF-8"?>
<!-- Generated by org.testng.reporters.JUnitReportReporter -->
<testsuite hostname="KEREM" failures="0" tests="2" name="Works.AppiumTest" time="0.000" errors="0" timestamp="2020-04-12T23:51:38 EET" skipped="0">
  <testcase classname="Works.AppiumTest" name="nativeAppAndroid" time="0.000"/>
  <testcase classname="Works.AppiumTest" name="IOSApps" time="0.000"/>
</testsuite> <!-- Works.AppiumTest -->
