<?xml version="1.0" encoding="UTF-8"?>
<!-- Generated by org.testng.reporters.JUnitReportReporter -->
<testsuite hostname="KEREM" failures="0" tests="2" name="Works.RESTAPITest" time="0.005" errors="0" timestamp="2020-04-12T23:51:38 EET" skipped="0">
  <testcase classname="Works.RESTAPITest" name="deleteTwitter" time="0.005"/>
  <testcase classname="Works.RESTAPITest" name="postJira" time="0.000"/>
</testsuite> <!-- Works.RESTAPITest -->
